<?xml version="1.0" encoding="UTF-8"?>
<testsuites name="TS-demo" time="264.284" tests="2" failures="0" errors="0">
   <testsuite name="TS-demo" tests="2" failures="0" errors="0" time="264.284" skipped="0" timestamp="2023-08-01 15:53:09" hostname="acer - anehsialan" id="Test Suites/TS-login/TS-demo">
      <properties>
[...]
</properties>
      <testcase name="Test Cases/yg lain/Booking" time="129.789" classname="Test Cases/yg lain/Booking" status="PASSED">
         <system-out><![CDATA[2023-08-01 15:53:09 - [TEST_CASE][PASSED] - Test Cases/yg lain/Booking: Test Cases/yg lain/Booking

2023-08-01 15:53:10 - [TEST_STEP][PASSED] - callTestCase(findTestCase("yg lain/Login"), [:], STOP_ON_FAILURE): Call Test Case 'Test Cases/yg lain/Login' successfully

2023-08-01 15:53:10 - [TEST_CASE][PASSED] - Test Cases/yg lain/Login: Test Cases/yg lain/Login

2023-08-01 15:53:10 - [TEST_STEP][PASSED] - openBrowser(""): Browser is opened with url: ''

2023-08-01 15:53:10 - [MESSAGE][INFO] - User set preference: ['os', 'macos']

2023-08-01 15:53:10 - [MESSAGE][INFO] - User set preference: ['browserName', 'safari']

2023-08-01 15:53:10 - [MESSAGE][INFO] - User set preference: ['browserVersion', '16']

2023-08-01 15:53:10 - [MESSAGE][INFO] - User set preference: ['katalon:option', '{organizationId=1221524, tunnelId=, usingTunnel=false}']

2023-08-01 15:53:10 - [MESSAGE][INFO] - Connecting to remote web server 'testcloud.katalon.com/hub' with type 'Selenium'

2023-08-01 15:53:11 - [MESSAGE][INFO] - Action delay is set to 1,000 milliseconds

2023-08-01 15:53:59 - [MESSAGE][PASSED] - Browser is opened with url: ''

2023-08-01 15:53:59 - [TEST_STEP][PASSED] - navigateToUrl("https://katalon-demo-cura.herokuapp.com/"): Navigate to 'https://katalon-demo-cura.herokuapp.com/' successfully

2023-08-01 15:54:02 - [MESSAGE][PASSED] - Navigate to 'https://katalon-demo-cura.herokuapp.com/' successfully

2023-08-01 15:54:02 - [TEST_STEP][PASSED] - click(findTestObject("Object Repository/Login-demo/Page_CURA Healthcare Service/h1_CURA Healthcare Service")): Object: 'Object Repository/Login-demo/Page_CURA Healthcare Service/h1_CURA Healthcare Service' is clicked on

2023-08-01 15:54:06 - [MESSAGE][PASSED] - Object: 'Object Repository/Login-demo/Page_CURA Healthcare Service/h1_CURA Healthcare Service' is clicked on

2023-08-01 15:54:06 - [TEST_STEP][PASSED] - click(findTestObject("Object Repository/Login-demo/Page_CURA Healthcare Service/a_Make Appointment")): Object: 'Object Repository/Login-demo/Page_CURA Healthcare Service/a_Make Appointment' is clicked on

2023-08-01 15:54:11 - [MESSAGE][PASSED] - Object: 'Object Repository/Login-demo/Page_CURA Healthcare Service/a_Make Appointment' is clicked on

2023-08-01 15:54:11 - [TEST_STEP][PASSED] - setText(findTestObject("Object Repository/Login-demo/Page_CURA Healthcare Service/input_Username_username"), "John Doe"): Text 'John Doe' is set on object 'Object Repository/Login-demo/Page_CURA Healthcare Service/input_Username_username'

2023-08-01 15:54:19 - [MESSAGE][PASSED] - Text 'John Doe' is set on object 'Object Repository/Login-demo/Page_CURA Healthcare Service/input_Username_username'

2023-08-01 15:54:19 - [TEST_STEP][PASSED] - setEncryptedText(findTestObject("Object Repository/Login-demo/Page_CURA Healthcare Service/input_Password_password"), "g3/DOGG74jC3Flrr3yH+3D/yKbOqqUNM"): Text ****** has been set on object 'Object Repository/Login-demo/Page_CURA Healthcare Service/input_Password_password'

2023-08-01 15:54:25 - [MESSAGE][PASSED] - Text ****** has been set on object 'Object Repository/Login-demo/Page_CURA Healthcare Service/input_Password_password'

2023-08-01 15:54:25 - [TEST_STEP][PASSED] - click(findTestObject("Object Repository/Login-demo/Page_CURA Healthcare Service/button_Login")): Object: 'Object Repository/Login-demo/Page_CURA Healthcare Service/button_Login' is clicked on

2023-08-01 15:54:29 - [MESSAGE][PASSED] - Object: 'Object Repository/Login-demo/Page_CURA Healthcare Service/button_Login' is clicked on

2023-08-01 15:54:29 - [TEST_STEP][PASSED] - getText(findTestObject("Page_CURA Healthcare Service/h2_Make Appointment")): Text of object 'Object Repository/Page_CURA Healthcare Service/h2_Make Appointment' is: 'Make Appointment'

2023-08-01 15:54:32 - [MESSAGE][PASSED] - Text of object 'Object Repository/Page_CURA Healthcare Service/h2_Make Appointment' is: 'Make Appointment'

2023-08-01 15:54:32 - [TEST_STEP][PASSED] - click(findTestObject("Object Repository/Login-demo/Page_CURA Healthcare Service/a_CURA Healthcare_menu-toggle")): Object: 'Object Repository/Login-demo/Page_CURA Healthcare Service/a_CURA Healthcare_menu-toggle' is clicked on

2023-08-01 15:54:36 - [MESSAGE][PASSED] - Object: 'Object Repository/Login-demo/Page_CURA Healthcare Service/a_CURA Healthcare_menu-toggle' is clicked on

2023-08-01 15:54:36 - [TEST_STEP][PASSED] - verifyElementPresent(findTestObject("Object Repository/Login-demo/Page_CURA Healthcare Service/a_Logout"), 0): Object 'Object Repository/Login-demo/Page_CURA Healthcare Service/a_Logout' is present

2023-08-01 15:54:36 - [MESSAGE][WARNING] - Timeout '0' is invalid. Using default page load timeout: '30'

2023-08-01 15:54:39 - [MESSAGE][PASSED] - Object 'Object Repository/Login-demo/Page_CURA Healthcare Service/a_Logout' is present

2023-08-01 15:54:39 - [MESSAGE][PASSED] - Call Test Case 'Test Cases/yg lain/Login' successfully

2023-08-01 15:54:39 - [TEST_STEP][PASSED] - click(findTestObject("Object Repository/Booking/Page_CURA Healthcare Service/label_Apply for hospital readmission")): Object: 'Object Repository/Booking/Page_CURA Healthcare Service/label_Apply for hospital readmission' is clicked on

2023-08-01 15:54:43 - [MESSAGE][PASSED] - Object: 'Object Repository/Booking/Page_CURA Healthcare Service/label_Apply for hospital readmission' is clicked on

2023-08-01 15:54:43 - [TEST_STEP][PASSED] - click(findTestObject("Object Repository/Booking/Page_CURA Healthcare Service/label_Medicaid")): Object: 'Object Repository/Booking/Page_CURA Healthcare Service/label_Medicaid' is clicked on

2023-08-01 15:54:47 - [MESSAGE][PASSED] - Object: 'Object Repository/Booking/Page_CURA Healthcare Service/label_Medicaid' is clicked on

2023-08-01 15:54:47 - [TEST_STEP][PASSED] - click(findTestObject("Object Repository/Booking/Page_CURA Healthcare Service/input_Visit Date (Required)_visit_date")): Object: 'Object Repository/Booking/Page_CURA Healthcare Service/input_Visit Date (Required)_visit_date' is clicked on

2023-08-01 15:54:51 - [MESSAGE][PASSED] - Object: 'Object Repository/Booking/Page_CURA Healthcare Service/input_Visit Date (Required)_visit_date' is clicked on

2023-08-01 15:54:51 - [TEST_STEP][PASSED] - click(findTestObject("Object Repository/Booking/Page_CURA Healthcare Service/td_3")): Object: 'Object Repository/Booking/Page_CURA Healthcare Service/td_3' is clicked on

2023-08-01 15:54:56 - [MESSAGE][PASSED] - Object: 'Object Repository/Booking/Page_CURA Healthcare Service/td_3' is clicked on

2023-08-01 15:54:56 - [TEST_STEP][PASSED] - setText(findTestObject("Object Repository/Booking/Page_CURA Healthcare Service/textarea_Comment_comment"), "Aku sakit hati tapi pacarku cantik dan baik"): Text 'Aku sakit hati tapi pacarku cantik dan baik' is set on object 'Object Repository/Booking/Page_CURA Healthcare Service/textarea_Comment_comment'

2023-08-01 15:55:04 - [MESSAGE][PASSED] - Text 'Aku sakit hati tapi pacarku cantik dan baik' is set on object 'Object Repository/Booking/Page_CURA Healthcare Service/textarea_Comment_comment'

2023-08-01 15:55:04 - [TEST_STEP][PASSED] - click(findTestObject("Object Repository/Booking/Page_CURA Healthcare Service/button_Book Appointment")): Object: 'Object Repository/Booking/Page_CURA Healthcare Service/button_Book Appointment' is clicked on

2023-08-01 15:55:08 - [MESSAGE][PASSED] - Object: 'Object Repository/Booking/Page_CURA Healthcare Service/button_Book Appointment' is clicked on

2023-08-01 15:55:08 - [TEST_STEP][PASSED] - navigateToUrl("https://katalon-demo-cura.herokuapp.com/appointment.php#summary"): Navigate to 'https://katalon-demo-cura.herokuapp.com/appointment.php#summary' successfully

2023-08-01 15:55:11 - [MESSAGE][PASSED] - Navigate to 'https://katalon-demo-cura.herokuapp.com/appointment.php#summary' successfully

2023-08-01 15:55:11 - [TEST_STEP][PASSED] - click(findTestObject("Object Repository/Booking/Page_CURA Healthcare Service/a_Go to Homepage")): Object: 'Object Repository/Booking/Page_CURA Healthcare Service/a_Go to Homepage' is clicked on

2023-08-01 15:55:15 - [MESSAGE][PASSED] - Object: 'Object Repository/Booking/Page_CURA Healthcare Service/a_Go to Homepage' is clicked on

2023-08-01 15:55:15 - [TEST_STEP][PASSED] - verifyElementPresent(findTestObject("Object Repository/Booking/Page_CURA Healthcare Service/h2_Appointment Confirmation"), 0): Object 'Object Repository/Booking/Page_CURA Healthcare Service/h2_Appointment Confirmation' is present

2023-08-01 15:55:15 - [MESSAGE][WARNING] - Timeout '0' is invalid. Using default page load timeout: '30'

2023-08-01 15:55:18 - [MESSAGE][PASSED] - Object 'Object Repository/Booking/Page_CURA Healthcare Service/h2_Appointment Confirmation' is present

2023-08-01 15:55:18 - [TEST_STEP][PASSED] - closeBrowser(): Browser is closed

2023-08-01 15:55:19 - [MESSAGE][PASSED] - Browser is closed]]></system-out>
         <system-err><![CDATA[]]></system-err>
      </testcase>
      <testcase name="Test Cases/yg lain/Login n Booking" time="134.275" classname="Test Cases/yg lain/Login n Booking" status="PASSED">
         <system-out><![CDATA[2023-08-01 15:55:19 - [TEST_CASE][PASSED] - Test Cases/yg lain/Login n Booking: Test Cases/yg lain/Login n Booking

2023-08-01 15:55:19 - [TEST_STEP][PASSED] - openBrowser(""): Browser is opened with url: ''

2023-08-01 15:55:19 - [MESSAGE][INFO] - User set preference: ['os', 'macos']

2023-08-01 15:55:19 - [MESSAGE][INFO] - User set preference: ['browserName', 'safari']

2023-08-01 15:55:19 - [MESSAGE][INFO] - User set preference: ['browserVersion', '16']

2023-08-01 15:55:19 - [MESSAGE][INFO] - User set preference: ['katalon:option', '{organizationId=1221524, tunnelId=, usingTunnel=false}']

2023-08-01 15:55:19 - [MESSAGE][INFO] - Connecting to remote web server 'testcloud.katalon.com/hub' with type 'Selenium'

2023-08-01 15:55:19 - [MESSAGE][INFO] - Action delay is set to 1,000 milliseconds

2023-08-01 15:56:13 - [MESSAGE][PASSED] - Browser is opened with url: ''

2023-08-01 15:56:13 - [TEST_STEP][PASSED] - navigateToUrl("https://katalon-demo-cura.herokuapp.com/"): Navigate to 'https://katalon-demo-cura.herokuapp.com/' successfully

2023-08-01 15:56:16 - [MESSAGE][PASSED] - Navigate to 'https://katalon-demo-cura.herokuapp.com/' successfully

2023-08-01 15:56:16 - [TEST_STEP][PASSED] - verifyElementText(findTestObject("Object Repository/Login-Booking/Page_CURA Healthcare Service/h1_CURA Healthcare Service"), "CURA Healthcare Service"): Actual text and expected text of test object 'Object Repository/Login-Booking/Page_CURA Healthcare Service/h1_CURA Healthcare Service' are matched.

2023-08-01 15:56:19 - [MESSAGE][PASSED] - Actual text and expected text of test object 'Object Repository/Login-Booking/Page_CURA Healthcare Service/h1_CURA Healthcare Service' are matched.

2023-08-01 15:56:19 - [TEST_STEP][PASSED] - verifyElementText(findTestObject("Object Repository/Login-Booking/Page_CURA Healthcare Service/a_Make Appointment"), "Make Appointment"): Actual text and expected text of test object 'Object Repository/Login-Booking/Page_CURA Healthcare Service/a_Make Appointment' are matched.

2023-08-01 15:56:22 - [MESSAGE][PASSED] - Actual text and expected text of test object 'Object Repository/Login-Booking/Page_CURA Healthcare Service/a_Make Appointment' are matched.

2023-08-01 15:56:22 - [TEST_STEP][PASSED] - click(findTestObject("Object Repository/Login-Booking/Page_CURA Healthcare Service/a_Make Appointment")): Object: 'Object Repository/Login-Booking/Page_CURA Healthcare Service/a_Make Appointment' is clicked on

2023-08-01 15:56:26 - [MESSAGE][PASSED] - Object: 'Object Repository/Login-Booking/Page_CURA Healthcare Service/a_Make Appointment' is clicked on

2023-08-01 15:56:26 - [TEST_STEP][PASSED] - setText(findTestObject("Object Repository/Login-Booking/Page_CURA Healthcare Service/input_Username_username"), "John Doe"): Text 'John Doe' is set on object 'Object Repository/Login-Booking/Page_CURA Healthcare Service/input_Username_username'

2023-08-01 15:56:34 - [MESSAGE][PASSED] - Text 'John Doe' is set on object 'Object Repository/Login-Booking/Page_CURA Healthcare Service/input_Username_username'

2023-08-01 15:56:34 - [TEST_STEP][PASSED] - setEncryptedText(findTestObject("Object Repository/Login-Booking/Page_CURA Healthcare Service/input_Password_password"), "g3/DOGG74jC3Flrr3yH+3D/yKbOqqUNM"): Text ****** has been set on object 'Object Repository/Login-Booking/Page_CURA Healthcare Service/input_Password_password'

2023-08-01 15:56:41 - [MESSAGE][PASSED] - Text ****** has been set on object 'Object Repository/Login-Booking/Page_CURA Healthcare Service/input_Password_password'

2023-08-01 15:56:41 - [TEST_STEP][PASSED] - sendKeys(findTestObject("Object Repository/Login-Booking/Page_CURA Healthcare Service/input_Password_password"), Keys.chord(ENTER)): Keys 'ENTER + ' sent to object: 'Object Repository/Login-Booking/Page_CURA Healthcare Service/input_Password_password'

2023-08-01 15:56:45 - [MESSAGE][PASSED] - Keys 'ENTER + ' sent to object: 'Object Repository/Login-Booking/Page_CURA Healthcare Service/input_Password_password'

2023-08-01 15:56:45 - [TEST_STEP][PASSED] - click(findTestObject("Object Repository/Login-Booking/Page_CURA Healthcare Service/label_Apply for hospital readmission")): Object: 'Object Repository/Login-Booking/Page_CURA Healthcare Service/label_Apply for hospital readmission' is clicked on

2023-08-01 15:56:49 - [MESSAGE][PASSED] - Object: 'Object Repository/Login-Booking/Page_CURA Healthcare Service/label_Apply for hospital readmission' is clicked on

2023-08-01 15:56:49 - [TEST_STEP][PASSED] - click(findTestObject("Object Repository/Login-Booking/Page_CURA Healthcare Service/label_None")): Object: 'Object Repository/Login-Booking/Page_CURA Healthcare Service/label_None' is clicked on

2023-08-01 15:56:54 - [MESSAGE][PASSED] - Object: 'Object Repository/Login-Booking/Page_CURA Healthcare Service/label_None' is clicked on

2023-08-01 15:56:54 - [TEST_STEP][PASSED] - click(findTestObject("Object Repository/Login-Booking/Page_CURA Healthcare Service/input_Medicaid_programs")): Object: 'Object Repository/Login-Booking/Page_CURA Healthcare Service/input_Medicaid_programs' is clicked on

2023-08-01 15:56:58 - [MESSAGE][PASSED] - Object: 'Object Repository/Login-Booking/Page_CURA Healthcare Service/input_Medicaid_programs' is clicked on

2023-08-01 15:56:58 - [TEST_STEP][PASSED] - click(findTestObject("Object Repository/Login-Booking/Page_CURA Healthcare Service/input_Visit Date (Required)_visit_date")): Object: 'Object Repository/Login-Booking/Page_CURA Healthcare Service/input_Visit Date (Required)_visit_date' is clicked on

2023-08-01 15:57:02 - [MESSAGE][PASSED] - Object: 'Object Repository/Login-Booking/Page_CURA Healthcare Service/input_Visit Date (Required)_visit_date' is clicked on

2023-08-01 15:57:02 - [TEST_STEP][PASSED] - click(findTestObject("Object Repository/Login-Booking/Page_CURA Healthcare Service/td_30")): Object: 'Object Repository/Login-Booking/Page_CURA Healthcare Service/td_30' is clicked on

2023-08-01 15:57:06 - [MESSAGE][PASSED] - Object: 'Object Repository/Login-Booking/Page_CURA Healthcare Service/td_30' is clicked on

2023-08-01 15:57:06 - [TEST_STEP][PASSED] - click(findTestObject("Object Repository/Login-Booking/Page_CURA Healthcare Service/td_31")): Object: 'Object Repository/Login-Booking/Page_CURA Healthcare Service/td_31' is clicked on

2023-08-01 15:57:11 - [MESSAGE][PASSED] - Object: 'Object Repository/Login-Booking/Page_CURA Healthcare Service/td_31' is clicked on

2023-08-01 15:57:11 - [TEST_STEP][PASSED] - setText(findTestObject("Object Repository/Login-Booking/Page_CURA Healthcare Service/textarea_Comment_comment"), "sakit nih"): Text 'sakit nih' is set on object 'Object Repository/Login-Booking/Page_CURA Healthcare Service/textarea_Comment_comment'

2023-08-01 15:57:20 - [MESSAGE][PASSED] - Text 'sakit nih' is set on object 'Object Repository/Login-Booking/Page_CURA Healthcare Service/textarea_Comment_comment'

2023-08-01 15:57:20 - [TEST_STEP][PASSED] - click(findTestObject("Object Repository/Login-Booking/Page_CURA Healthcare Service/button_Book Appointment")): Object: 'Object Repository/Login-Booking/Page_CURA Healthcare Service/button_Book Appointment' is clicked on

2023-08-01 15:57:24 - [MESSAGE][PASSED] - Object: 'Object Repository/Login-Booking/Page_CURA Healthcare Service/button_Book Appointment' is clicked on

2023-08-01 15:57:24 - [TEST_STEP][PASSED] - verifyElementText(findTestObject("Object Repository/Login-Booking/Page_CURA Healthcare Service/h2_Appointment Confirmation"), "Appointment Confirmation"): Actual text and expected text of test object 'Object Repository/Login-Booking/Page_CURA Healthcare Service/h2_Appointment Confirmation' are matched.

2023-08-01 15:57:27 - [MESSAGE][PASSED] - Actual text and expected text of test object 'Object Repository/Login-Booking/Page_CURA Healthcare Service/h2_Appointment Confirmation' are matched.

2023-08-01 15:57:27 - [TEST_STEP][PASSED] - verifyElementText(findTestObject("Object Repository/Login-Booking/Page_CURA Healthcare Service/p_Tokyo CURA Healthcare Center"), "Tokyo CURA Healthcare Center"): Actual text and expected text of test object 'Object Repository/Login-Booking/Page_CURA Healthcare Service/p_Tokyo CURA Healthcare Center' are matched.

2023-08-01 15:57:29 - [MESSAGE][PASSED] - Actual text and expected text of test object 'Object Repository/Login-Booking/Page_CURA Healthcare Service/p_Tokyo CURA Healthcare Center' are matched.

2023-08-01 15:57:29 - [TEST_STEP][PASSED] - click(findTestObject("Object Repository/Login-Booking/Page_CURA Healthcare Service/a_Go to Homepage")): Object: 'Object Repository/Login-Booking/Page_CURA Healthcare Service/a_Go to Homepage' is clicked on

2023-08-01 15:57:33 - [MESSAGE][PASSED] - Object: 'Object Repository/Login-Booking/Page_CURA Healthcare Service/a_Go to Homepage' is clicked on]]></system-out>
         <system-err><![CDATA[]]></system-err>
      </testcase>
      <system-out><![CDATA[2023-08-01 15:53:09 - [TEST_SUITE][PASSED] - TS-demo: Test Cases/yg lain/Login n Booking]]></system-out>
      <system-err><![CDATA[]]></system-err>
   </testsuite>
</testsuites>
